[2024-08-29T09:23:06.078+0000] {local_task_job_runner.py:123} INFO - ::group::Pre task execution logs
[2024-08-29T09:23:06.108+0000] {taskinstance.py:2603} INFO - Dependencies all met for dep_context=non-requeueable deps ti=<TaskInstance: Spark.correlation_plot manual__2024-08-29T09:21:30.526177+00:00 [queued]>
[2024-08-29T09:23:06.126+0000] {taskinstance.py:2603} INFO - Dependencies all met for dep_context=requeueable deps ti=<TaskInstance: Spark.correlation_plot manual__2024-08-29T09:21:30.526177+00:00 [queued]>
[2024-08-29T09:23:06.127+0000] {taskinstance.py:2856} INFO - Starting attempt 1 of 1
[2024-08-29T09:23:06.155+0000] {taskinstance.py:2879} INFO - Executing <Task(PythonOperator): correlation_plot> on 2024-08-29 09:21:30.526177+00:00
[2024-08-29T09:23:06.177+0000] {logging_mixin.py:190} WARNING - /home/***/.local/lib/python3.12/site-packages/***/task/task_runner/standard_task_runner.py:70 DeprecationWarning: This process (pid=2631) is multi-threaded, use of fork() may lead to deadlocks in the child.
[2024-08-29T09:23:06.174+0000] {standard_task_runner.py:104} INFO - Running: ['***', 'tasks', 'run', 'Spark', 'correlation_plot', 'manual__2024-08-29T09:21:30.526177+00:00', '--job-id', '325', '--raw', '--subdir', 'DAGS_FOLDER/Seoul_spark.py', '--cfg-path', '/tmp/tmpf3leh8uw']
[2024-08-29T09:23:06.180+0000] {standard_task_runner.py:72} INFO - Started process 2633 to run task
[2024-08-29T09:23:06.182+0000] {standard_task_runner.py:105} INFO - Job 325: Subtask correlation_plot
[2024-08-29T09:23:06.290+0000] {task_command.py:467} INFO - Running <TaskInstance: Spark.correlation_plot manual__2024-08-29T09:21:30.526177+00:00 [running]> on host 1c1d52fdfc5f
[2024-08-29T09:23:06.468+0000] {taskinstance.py:3122} INFO - Exporting env vars: AIRFLOW_CTX_DAG_OWNER='***' AIRFLOW_CTX_DAG_ID='Spark' AIRFLOW_CTX_TASK_ID='correlation_plot' AIRFLOW_CTX_EXECUTION_DATE='2024-08-29T09:21:30.526177+00:00' AIRFLOW_CTX_TRY_NUMBER='1' AIRFLOW_CTX_DAG_RUN_ID='manual__2024-08-29T09:21:30.526177+00:00'
[2024-08-29T09:23:06.470+0000] {taskinstance.py:731} INFO - ::endgroup::
[2024-08-29T09:23:12.028+0000] {logging_mixin.py:190} WARNING - /home/***/.local/lib/python3.12/site-packages/pyspark/pandas/__init__.py:50 UserWarning: 'PYARROW_IGNORE_TIMEZONE' environment variable was not set. It is required to set this environment variable to '1' in both driver and executor sides if you use pyarrow>=2.0.0. pandas-on-Spark will set it for you but it does not work if there is a Spark context already launched.
[2024-08-29T09:23:50.800+0000] {taskinstance.py:3301} ERROR - Task failed with exception
Traceback (most recent call last):
  File "/home/airflow/.local/lib/python3.12/site-packages/pandas/core/groupby/groupby.py", line 1874, in _agg_py_fallback
    res_values = self.grouper.agg_series(ser, alt, preserve_dtype=True)
                 ^^^^^^^^^^^^^^^^^^^^^^^^^^^^^^^^^^^^^^^^^^^^^^^^^^^^^^
  File "/home/airflow/.local/lib/python3.12/site-packages/pandas/core/groupby/ops.py", line 849, in agg_series
    result = self._aggregate_series_pure_python(obj, func)
             ^^^^^^^^^^^^^^^^^^^^^^^^^^^^^^^^^^^^^^^^^^^^^
  File "/home/airflow/.local/lib/python3.12/site-packages/pandas/core/groupby/ops.py", line 877, in _aggregate_series_pure_python
    res = func(group)
          ^^^^^^^^^^^
  File "/home/airflow/.local/lib/python3.12/site-packages/pandas/core/groupby/groupby.py", line 2380, in <lambda>
    alt=lambda x: Series(x).mean(numeric_only=numeric_only),
                  ^^^^^^^^^^^^^^^^^^^^^^^^^^^^^^^^^^^^^^^^^
  File "/home/airflow/.local/lib/python3.12/site-packages/pandas/core/series.py", line 6225, in mean
    return NDFrame.mean(self, axis, skipna, numeric_only, **kwargs)
           ^^^^^^^^^^^^^^^^^^^^^^^^^^^^^^^^^^^^^^^^^^^^^^^^^^^^^^^^
  File "/home/airflow/.local/lib/python3.12/site-packages/pandas/core/generic.py", line 11992, in mean
    return self._stat_function(
           ^^^^^^^^^^^^^^^^^^^^
  File "/home/airflow/.local/lib/python3.12/site-packages/pandas/core/generic.py", line 11949, in _stat_function
    return self._reduce(
           ^^^^^^^^^^^^^
  File "/home/airflow/.local/lib/python3.12/site-packages/pandas/core/series.py", line 6133, in _reduce
    return op(delegate, skipna=skipna, **kwds)
           ^^^^^^^^^^^^^^^^^^^^^^^^^^^^^^^^^^^
  File "/home/airflow/.local/lib/python3.12/site-packages/pandas/core/nanops.py", line 147, in f
    result = alt(values, axis=axis, skipna=skipna, **kwds)
             ^^^^^^^^^^^^^^^^^^^^^^^^^^^^^^^^^^^^^^^^^^^^^
  File "/home/airflow/.local/lib/python3.12/site-packages/pandas/core/nanops.py", line 404, in new_func
    result = func(values, axis=axis, skipna=skipna, mask=mask, **kwargs)
             ^^^^^^^^^^^^^^^^^^^^^^^^^^^^^^^^^^^^^^^^^^^^^^^^^^^^^^^^^^^
  File "/home/airflow/.local/lib/python3.12/site-packages/pandas/core/nanops.py", line 720, in nanmean
    the_sum = _ensure_numeric(the_sum)
              ^^^^^^^^^^^^^^^^^^^^^^^^
  File "/home/airflow/.local/lib/python3.12/site-packages/pandas/core/nanops.py", line 1693, in _ensure_numeric
    raise TypeError(f"Could not convert string '{x}' to numeric")
TypeError: Could not convert string '0.0060.0060.0060.0070.0070.0070.0060.0080.0080.0070.0080.0070.0070.0070.0060.0060.0060.0060.0060.0050.0060.0050.0060.0060.0050.0050.0090.0090.0080.0080.0080.0070.0060.0060.0060.0060.0060.0090.010.0090.0080.0060.0060.0060.0050.0050.0050.0050.0050.0050.0050.0050.0060.0060.0070.0060.0060.0060.0040.0040.0050.0050.0050.0050.0060.0050.0050.0050.0050.0050.0050.0070.0070.0060.0060.0060.0060.0050.0050.0050.0040.0040.0030.0030.0040.0050.0050.0050.0050.0040.0040.0040.0030.0030.0040.0030.0030.0030.0040.0030.0030.0030.0040.0050.0060.0070.0060.0060.0060.0050.0050.0050.0050.0050.0050.0050.0050.0050.0040.0040.0040.0040.0040.0040.0040.0040.0050.0050.0050.0040.0040.0040.0040.0040.0030.0040.0040.0050.0060.0060.0050.0050.0050.0050.0040.0040.0040.0040.0040.0050.0050.0040.0050.0060.0060.0060.0060.0060.0050.0040.0040.0040.0040.0050.0050.0050.0050.0050.0040.0050.0050.0050.0050.0050.0050.0050.0050.0050.0050.0050.0040.0050.0050.0050.0040.0030.0040.0040.0040.0040.0040.0040.0040.0070.0060.0050.0050.0050.0050.0050.0050.0050.0090.0070.0060.0060.0050.0060.0060.0060.0060.0040.0040.0050.0040.0040.0040.0050.0050.0060.0060.0060.0070.0070.0070.0060.0060.0050.0050.0060.0050.0050.0040.0040.0040.0040.0040.0030.0040.0050.0050.0050.0060.0050.0050.0050.0050.0050.0050.0050.0050.0050.0060.0060.0040.0050.0050.0050.0060.0060.0050.0040.0040.0050.0050.0050.0050.0050.0040.0040.0040.0040.0040.0040.0040.0050.0040.0040.0050.0050.0050.0050.0050.0050.0050.0040.0040.0040.0040.0030.0030.0030.0030.0050.0060.0060.0060.0050.0050.0050.0050.0050.0050.0050.0050.0050.0050.0050.0060.0070.0070.0070.0070.0050.0050.0050.0050.0050.0050.0050.0050.0060.0050.0060.0070.0070.0080.0080.0080.0090.0070.0060.0060.0050.0050.0040.0040.0040.0040.0040.0040.0040.0040.0040.0030.0030.0040.0040.0040.0040.0040.0040.0040.0040.0040.0050.0040.0040.0050.0050.0040.0050.0050.0040.0040.0040.0040.0040.0040.0040.0040.0030.0020.0020.0030.0030.0030.0030.0030.0030.0040.0040.0040.0040.0040.0040.0030.0030.0040.0040.0040.0030.0040.0030.0040.0040.0050.0050.0040.0050.0050.0040.0040.0040.0040.0050.0040.0040.0040.0040.0050.0050.0050.0050.0050.0050.0040.0050.0050.0050.0060.0060.0060.0070.0060.0060.0060.0060.0060.0070.0070.0060.0050.0050.0050.0050.0060.0060.0040.0040.0040.0050.0040.0040.0030.0040.0040.0040.0060.0060.0060.0050.0050.0050.0060.0060.0060.0060.0060.0060.0060.0070.0060.0060.0060.0050.0050.0050.0050.0050.0040.0040.0040.0040.0040.0040.0050.0050.0050.0050.0050.0050.0070.0060.0050.0060.0060.0060.0060.0070.0070.0060.0050.0040.0030.0030.0040.0030.0030.0040.0050.0050.0050.0050.0050.0060.0060.0060.0060.0050.0040.0040.0040.0040.0040.0040.0050.0050.0050.0050.0050.0050.0050.0050.0060.0070.0070.0070.0070.0070.0070.0070.0070.0070.0060.0060.0060.0060.0070.0070.0050.0040.0040.0030.0030.0030.0030.0030.0030.0030.0040.0040.0040.0050.0060.0050.0050.0050.0050.0050.0050.0060.0060.0050.0060.0060.0060.0060.0050.0050.0060.0060.0070.0070.0090.0070.0070.0080.0080.0060.0050.0050.0040.0040.0040.0050.0040.0040.0050.0040.0040.0050.0050.0050.0030.0020.0030.0040.0040.0040.0020.0030.0040.0040.0040.0040.0040.0040.0040.0050.0050.0050.0040.0040.0050.0040.0040.0050.0040.0040.0040.0040.0040.0050.0050.0050.0050.0050.0050.0040.0040.0050.0030.0020.0020.0020.0020.0040.0050.0050.0050.0050.0050.0050.0060.0060.0060.0070.0060.0060.0060.0060.0060.0050.0050.0050.0050.0050.0050.0060.0060.0060.0050.0060.0050.0050.0050.0060.0060.0070.0070.0090.0090.0090.0090.0090.0080.0090.0080.0090.0060.0060.0050.0040.0050.0060.0050.0060.0070.0070.0060.0060.0050.0050.0040.0050.0050.0040.0050.0050.0060.0060.0060.0060.0060.0070.0090.0110.0110.010.0090.0080.0080.0080.0070.0070.0070.0070.0060.0060.0050.0050.0060.0060.0060.0060.0070.0080.0090.0080.0080.0080.0080.0060.0050.0050.0050.0050.0050.0050.0040.0040.0040.0040.0040.0040.0030.0030.0030.0040.0040.0040.0050.0050.0050.0050.0050.0040.0050.0040.0040.0040.0040.0040.0040.0040.0050.0040.0050.0050.0050.0060.0060.0060.0060.0060.0060.0070.0070.0060.0050.0050.0050.0050.0040.0040.0040.0050.0050.0050.0060.0070.0070.0090.0090.0090.0080.0090.0080.0070.0050.0050.0050.0060.0060.0060.0050.0050.0060.0060.0060.0060.0070.0080.0060.0060.0070.0070.0070.0050.0050.0050.0060.0050.0050.0060.0060.0050.0040.0040.0040.0040.0050.0060.0070.0060.0050.0060.0070.0070.0050.0050.0050.0040.0030.0030.0030.0040.0040.0030.0020.0030.0030.0030.0040.0040.0040.0040.0040.0050.0050.0050.0040.0040.0040.0040.0050.0060.0060.0060.0060.0060.0060.0070.0070.0080.0090.0090.0090.0080.0080.0070.0070.0070.0050.0050.0050.0060.0060.0060.0060.0060.0070.0070.0070.0070.0070.0070.0070.0070.0060.0060.0060.0050.0050.0050.0050.0060.0050.0060.0070.0060.0070.0080.0090.010.0110.010.010.010.010.010.0110.0090.0060.0060.0060.0060.0060.0060.0060.0060.0070.0070.0060.0060.0070.0070.0080.0070.0070.0060.0060.0070.0070.0070.0070.0070.0070.0070.0070.0050.0060.0060.0060.0060.0060.0060.0070.0060.0060.0050.0080.0080.0090.0110.0110.0090.0090.0080.0070.0040.0040.0040.0040.0040.0050.0060.0070.0060.0060.0060.0060.0060.0060.0060.0050.0060.0060.0060.0030.0040.0040.0040.0040.0040.0040.0040.0040.0040.0040.0040.0040.0040.0040.0040.0040.0040.0050.0050.0040.0040.0040.0040.0040.0040.0040.0040.0040.0040.0040.0040.0040.0040.0040.0040.0050.0050.0050.0040.0040.0050.0040.0040.0040.0040.0060.0050.0060.0060.0070.0070.0060.0050.0050.0060.0060.0060.0070.0070.0060.0060.0060.0060.0060.0060.0060.0050.0050.0050.0050.0040.0040.0040.0040.0040.0040.0040.0040.0050.0050.0050.0050.0050.0050.0050.0050.0050.0050.0050.0050.0050.0050.0050.0050.0040.0050.0050.0040.0040.0040.0040.0040.0040.0060.0070.0070.0060.0050.0060.0050.0050.0060.0060.0060.0050.0050.0050.0050.0050.0050.0050.0050.0050.0060.0060.0060.0050.0050.0040.0030.0040.0040.0040.0050.0040.0040.0040.0050.0050.0050.0040.0040.0040.0040.0040.0060.0050.0060.0060.0050.0040.0050.0050.0050.0050.0050.0050.0050.0060.0060.0060.0060.0060.0060.0050.0050.0070.0070.0060.0050.0050.0050.0050.0050.0050.0050.0050.0050.0050.0050.0050.0040.0040.0070.0070.0070.0070.0070.0070.0060.0060.0050.0060.0060.0070.0070.0060.0060.0070.0070.0060.0060.0060.0040.0040.0040.0040.0050.0050.0040.0040.0050.0050.0050.0050.0050.0040.0040.0040.0040.0040.0040.0050.0040.0050.0050.0060.0060.0050.0040.0040.0050.0050.0050.0040.0040.0040.0040.0040.0040.0060.0060.0050.0060.0050.0060.0060.0060.0060.0060.0050.0050.0050.0060.0070.0070.0080.0090.0090.0080.0080.0060.0060.0050.0060.0050.0050.0050.0070.0060.0060.0060.0060.0050.0050.0050.0050.0050.0040.0040.0040.0040.0040.0040.0040.0050.0050.0060.0060.0050.0050.0050.0050.0050.0050.0050.0050.0040.0060.0060.0060.0050.0050.0050.0060.0060.0060.0060.0070.0070.0060.0050.0050.0040.0040.0050.0050.0050.0050.0050.0050.0050.0050.0050.0040.0040.0050.0060.0050.0050.0050.0050.0050.0040.0040.0040.0040.0040.0040.0050.0060.0050.0050.0050.0050.0050.0040.0040.0040.0040.0040.0050.0050.0040.0040.0040.0040.0040.0040.0040.0040.0040.0040.0040.0040.0040.0040.0040.0040.0040.0050.0050.0050.0050.0050.0050.0050.0050.0050.0050.0040.0050.0050.0050.0050.0050.0060.0060.0060.0060.0060.0050.0050.0040.0040.0040.0040.0040.0040.0050.0050.0050.0050.0040.0050.0050.0050.0060.0050.0050.0050.0050.0050.0050.0050.0060.0050.0050.0050.0060.0060.0060.0050.0050.0050.0050.0050.0050.0050.0050.0050.0050.0050.0050.0050.0050.0050.0050.0050.0050.0050.0050.0050.0050.0050.0050.0050.0050.0040.0050.0050.0050.0040.0040.0040.004' to numeric

The above exception was the direct cause of the following exception:

Traceback (most recent call last):
  File "/home/airflow/.local/lib/python3.12/site-packages/airflow/models/taskinstance.py", line 767, in _execute_task
    result = _execute_callable(context=context, **execute_callable_kwargs)
             ^^^^^^^^^^^^^^^^^^^^^^^^^^^^^^^^^^^^^^^^^^^^^^^^^^^^^^^^^^^^^
  File "/home/airflow/.local/lib/python3.12/site-packages/airflow/models/taskinstance.py", line 733, in _execute_callable
    return ExecutionCallableRunner(
           ^^^^^^^^^^^^^^^^^^^^^^^^
  File "/home/airflow/.local/lib/python3.12/site-packages/airflow/utils/operator_helpers.py", line 252, in run
    return self.func(*args, **kwargs)
           ^^^^^^^^^^^^^^^^^^^^^^^^^^
  File "/home/airflow/.local/lib/python3.12/site-packages/airflow/models/baseoperator.py", line 406, in wrapper
    return func(self, *args, **kwargs)
           ^^^^^^^^^^^^^^^^^^^^^^^^^^^
  File "/home/airflow/.local/lib/python3.12/site-packages/airflow/operators/python.py", line 238, in execute
    return_value = self.execute_callable()
                   ^^^^^^^^^^^^^^^^^^^^^^^
  File "/home/airflow/.local/lib/python3.12/site-packages/airflow/operators/python.py", line 256, in execute_callable
    return runner.run(*self.op_args, **self.op_kwargs)
           ^^^^^^^^^^^^^^^^^^^^^^^^^^^^^^^^^^^^^^^^^^^
  File "/home/airflow/.local/lib/python3.12/site-packages/airflow/utils/operator_helpers.py", line 252, in run
    return self.func(*args, **kwargs)
           ^^^^^^^^^^^^^^^^^^^^^^^^^^
  File "/opt/airflow/dags/Seoul_spark.py", line 258, in _correlation_plot
    pre_plot = Seoul_all.drop(["Y"],axis=1).groupby(["Address","M"],as_index = False).mean()
               ^^^^^^^^^^^^^^^^^^^^^^^^^^^^^^^^^^^^^^^^^^^^^^^^^^^^^^^^^^^^^^^^^^^^^^^^^^^^^
  File "/home/airflow/.local/lib/python3.12/site-packages/pandas/core/groupby/groupby.py", line 2378, in mean
    result = self._cython_agg_general(
             ^^^^^^^^^^^^^^^^^^^^^^^^^
  File "/home/airflow/.local/lib/python3.12/site-packages/pandas/core/groupby/groupby.py", line 1929, in _cython_agg_general
    new_mgr = data.grouped_reduce(array_func)
              ^^^^^^^^^^^^^^^^^^^^^^^^^^^^^^^
  File "/home/airflow/.local/lib/python3.12/site-packages/pandas/core/internals/managers.py", line 1428, in grouped_reduce
    applied = sb.apply(func)
              ^^^^^^^^^^^^^^
  File "/home/airflow/.local/lib/python3.12/site-packages/pandas/core/internals/blocks.py", line 366, in apply
    result = func(self.values, **kwargs)
             ^^^^^^^^^^^^^^^^^^^^^^^^^^^
  File "/home/airflow/.local/lib/python3.12/site-packages/pandas/core/groupby/groupby.py", line 1926, in array_func
    result = self._agg_py_fallback(how, values, ndim=data.ndim, alt=alt)
             ^^^^^^^^^^^^^^^^^^^^^^^^^^^^^^^^^^^^^^^^^^^^^^^^^^^^^^^^^^^
  File "/home/airflow/.local/lib/python3.12/site-packages/pandas/core/groupby/groupby.py", line 1878, in _agg_py_fallback
    raise type(err)(msg) from err
TypeError: agg function failed [how->mean,dtype->object]
[2024-08-29T09:23:50.854+0000] {taskinstance.py:1225} INFO - Marking task as FAILED. dag_id=Spark, task_id=correlation_plot, run_id=manual__2024-08-29T09:21:30.526177+00:00, execution_date=20240829T092130, start_date=20240829T092306, end_date=20240829T092350
[2024-08-29T09:23:51.057+0000] {taskinstance.py:340} INFO - ::group::Post task execution logs
[2024-08-29T09:23:51.058+0000] {standard_task_runner.py:124} ERROR - Failed to execute job 325 for task correlation_plot (agg function failed [how->mean,dtype->object]; 2633)
Traceback (most recent call last):
  File "/home/airflow/.local/lib/python3.12/site-packages/pandas/core/groupby/groupby.py", line 1874, in _agg_py_fallback
    res_values = self.grouper.agg_series(ser, alt, preserve_dtype=True)
                 ^^^^^^^^^^^^^^^^^^^^^^^^^^^^^^^^^^^^^^^^^^^^^^^^^^^^^^
  File "/home/airflow/.local/lib/python3.12/site-packages/pandas/core/groupby/ops.py", line 849, in agg_series
    result = self._aggregate_series_pure_python(obj, func)
             ^^^^^^^^^^^^^^^^^^^^^^^^^^^^^^^^^^^^^^^^^^^^^
  File "/home/airflow/.local/lib/python3.12/site-packages/pandas/core/groupby/ops.py", line 877, in _aggregate_series_pure_python
    res = func(group)
          ^^^^^^^^^^^
  File "/home/airflow/.local/lib/python3.12/site-packages/pandas/core/groupby/groupby.py", line 2380, in <lambda>
    alt=lambda x: Series(x).mean(numeric_only=numeric_only),
                  ^^^^^^^^^^^^^^^^^^^^^^^^^^^^^^^^^^^^^^^^^
  File "/home/airflow/.local/lib/python3.12/site-packages/pandas/core/series.py", line 6225, in mean
    return NDFrame.mean(self, axis, skipna, numeric_only, **kwargs)
           ^^^^^^^^^^^^^^^^^^^^^^^^^^^^^^^^^^^^^^^^^^^^^^^^^^^^^^^^
  File "/home/airflow/.local/lib/python3.12/site-packages/pandas/core/generic.py", line 11992, in mean
    return self._stat_function(
           ^^^^^^^^^^^^^^^^^^^^
  File "/home/airflow/.local/lib/python3.12/site-packages/pandas/core/generic.py", line 11949, in _stat_function
    return self._reduce(
           ^^^^^^^^^^^^^
  File "/home/airflow/.local/lib/python3.12/site-packages/pandas/core/series.py", line 6133, in _reduce
    return op(delegate, skipna=skipna, **kwds)
           ^^^^^^^^^^^^^^^^^^^^^^^^^^^^^^^^^^^
  File "/home/airflow/.local/lib/python3.12/site-packages/pandas/core/nanops.py", line 147, in f
    result = alt(values, axis=axis, skipna=skipna, **kwds)
             ^^^^^^^^^^^^^^^^^^^^^^^^^^^^^^^^^^^^^^^^^^^^^
  File "/home/airflow/.local/lib/python3.12/site-packages/pandas/core/nanops.py", line 404, in new_func
    result = func(values, axis=axis, skipna=skipna, mask=mask, **kwargs)
             ^^^^^^^^^^^^^^^^^^^^^^^^^^^^^^^^^^^^^^^^^^^^^^^^^^^^^^^^^^^
  File "/home/airflow/.local/lib/python3.12/site-packages/pandas/core/nanops.py", line 720, in nanmean
    the_sum = _ensure_numeric(the_sum)
              ^^^^^^^^^^^^^^^^^^^^^^^^
  File "/home/airflow/.local/lib/python3.12/site-packages/pandas/core/nanops.py", line 1693, in _ensure_numeric
    raise TypeError(f"Could not convert string '{x}' to numeric")
TypeError: Could not convert string '0.0060.0060.0060.0070.0070.0070.0060.0080.0080.0070.0080.0070.0070.0070.0060.0060.0060.0060.0060.0050.0060.0050.0060.0060.0050.0050.0090.0090.0080.0080.0080.0070.0060.0060.0060.0060.0060.0090.010.0090.0080.0060.0060.0060.0050.0050.0050.0050.0050.0050.0050.0050.0060.0060.0070.0060.0060.0060.0040.0040.0050.0050.0050.0050.0060.0050.0050.0050.0050.0050.0050.0070.0070.0060.0060.0060.0060.0050.0050.0050.0040.0040.0030.0030.0040.0050.0050.0050.0050.0040.0040.0040.0030.0030.0040.0030.0030.0030.0040.0030.0030.0030.0040.0050.0060.0070.0060.0060.0060.0050.0050.0050.0050.0050.0050.0050.0050.0050.0040.0040.0040.0040.0040.0040.0040.0040.0050.0050.0050.0040.0040.0040.0040.0040.0030.0040.0040.0050.0060.0060.0050.0050.0050.0050.0040.0040.0040.0040.0040.0050.0050.0040.0050.0060.0060.0060.0060.0060.0050.0040.0040.0040.0040.0050.0050.0050.0050.0050.0040.0050.0050.0050.0050.0050.0050.0050.0050.0050.0050.0050.0040.0050.0050.0050.0040.0030.0040.0040.0040.0040.0040.0040.0040.0070.0060.0050.0050.0050.0050.0050.0050.0050.0090.0070.0060.0060.0050.0060.0060.0060.0060.0040.0040.0050.0040.0040.0040.0050.0050.0060.0060.0060.0070.0070.0070.0060.0060.0050.0050.0060.0050.0050.0040.0040.0040.0040.0040.0030.0040.0050.0050.0050.0060.0050.0050.0050.0050.0050.0050.0050.0050.0050.0060.0060.0040.0050.0050.0050.0060.0060.0050.0040.0040.0050.0050.0050.0050.0050.0040.0040.0040.0040.0040.0040.0040.0050.0040.0040.0050.0050.0050.0050.0050.0050.0050.0040.0040.0040.0040.0030.0030.0030.0030.0050.0060.0060.0060.0050.0050.0050.0050.0050.0050.0050.0050.0050.0050.0050.0060.0070.0070.0070.0070.0050.0050.0050.0050.0050.0050.0050.0050.0060.0050.0060.0070.0070.0080.0080.0080.0090.0070.0060.0060.0050.0050.0040.0040.0040.0040.0040.0040.0040.0040.0040.0030.0030.0040.0040.0040.0040.0040.0040.0040.0040.0040.0050.0040.0040.0050.0050.0040.0050.0050.0040.0040.0040.0040.0040.0040.0040.0040.0030.0020.0020.0030.0030.0030.0030.0030.0030.0040.0040.0040.0040.0040.0040.0030.0030.0040.0040.0040.0030.0040.0030.0040.0040.0050.0050.0040.0050.0050.0040.0040.0040.0040.0050.0040.0040.0040.0040.0050.0050.0050.0050.0050.0050.0040.0050.0050.0050.0060.0060.0060.0070.0060.0060.0060.0060.0060.0070.0070.0060.0050.0050.0050.0050.0060.0060.0040.0040.0040.0050.0040.0040.0030.0040.0040.0040.0060.0060.0060.0050.0050.0050.0060.0060.0060.0060.0060.0060.0060.0070.0060.0060.0060.0050.0050.0050.0050.0050.0040.0040.0040.0040.0040.0040.0050.0050.0050.0050.0050.0050.0070.0060.0050.0060.0060.0060.0060.0070.0070.0060.0050.0040.0030.0030.0040.0030.0030.0040.0050.0050.0050.0050.0050.0060.0060.0060.0060.0050.0040.0040.0040.0040.0040.0040.0050.0050.0050.0050.0050.0050.0050.0050.0060.0070.0070.0070.0070.0070.0070.0070.0070.0070.0060.0060.0060.0060.0070.0070.0050.0040.0040.0030.0030.0030.0030.0030.0030.0030.0040.0040.0040.0050.0060.0050.0050.0050.0050.0050.0050.0060.0060.0050.0060.0060.0060.0060.0050.0050.0060.0060.0070.0070.0090.0070.0070.0080.0080.0060.0050.0050.0040.0040.0040.0050.0040.0040.0050.0040.0040.0050.0050.0050.0030.0020.0030.0040.0040.0040.0020.0030.0040.0040.0040.0040.0040.0040.0040.0050.0050.0050.0040.0040.0050.0040.0040.0050.0040.0040.0040.0040.0040.0050.0050.0050.0050.0050.0050.0040.0040.0050.0030.0020.0020.0020.0020.0040.0050.0050.0050.0050.0050.0050.0060.0060.0060.0070.0060.0060.0060.0060.0060.0050.0050.0050.0050.0050.0050.0060.0060.0060.0050.0060.0050.0050.0050.0060.0060.0070.0070.0090.0090.0090.0090.0090.0080.0090.0080.0090.0060.0060.0050.0040.0050.0060.0050.0060.0070.0070.0060.0060.0050.0050.0040.0050.0050.0040.0050.0050.0060.0060.0060.0060.0060.0070.0090.0110.0110.010.0090.0080.0080.0080.0070.0070.0070.0070.0060.0060.0050.0050.0060.0060.0060.0060.0070.0080.0090.0080.0080.0080.0080.0060.0050.0050.0050.0050.0050.0050.0040.0040.0040.0040.0040.0040.0030.0030.0030.0040.0040.0040.0050.0050.0050.0050.0050.0040.0050.0040.0040.0040.0040.0040.0040.0040.0050.0040.0050.0050.0050.0060.0060.0060.0060.0060.0060.0070.0070.0060.0050.0050.0050.0050.0040.0040.0040.0050.0050.0050.0060.0070.0070.0090.0090.0090.0080.0090.0080.0070.0050.0050.0050.0060.0060.0060.0050.0050.0060.0060.0060.0060.0070.0080.0060.0060.0070.0070.0070.0050.0050.0050.0060.0050.0050.0060.0060.0050.0040.0040.0040.0040.0050.0060.0070.0060.0050.0060.0070.0070.0050.0050.0050.0040.0030.0030.0030.0040.0040.0030.0020.0030.0030.0030.0040.0040.0040.0040.0040.0050.0050.0050.0040.0040.0040.0040.0050.0060.0060.0060.0060.0060.0060.0070.0070.0080.0090.0090.0090.0080.0080.0070.0070.0070.0050.0050.0050.0060.0060.0060.0060.0060.0070.0070.0070.0070.0070.0070.0070.0070.0060.0060.0060.0050.0050.0050.0050.0060.0050.0060.0070.0060.0070.0080.0090.010.0110.010.010.010.010.010.0110.0090.0060.0060.0060.0060.0060.0060.0060.0060.0070.0070.0060.0060.0070.0070.0080.0070.0070.0060.0060.0070.0070.0070.0070.0070.0070.0070.0070.0050.0060.0060.0060.0060.0060.0060.0070.0060.0060.0050.0080.0080.0090.0110.0110.0090.0090.0080.0070.0040.0040.0040.0040.0040.0050.0060.0070.0060.0060.0060.0060.0060.0060.0060.0050.0060.0060.0060.0030.0040.0040.0040.0040.0040.0040.0040.0040.0040.0040.0040.0040.0040.0040.0040.0040.0040.0050.0050.0040.0040.0040.0040.0040.0040.0040.0040.0040.0040.0040.0040.0040.0040.0040.0040.0050.0050.0050.0040.0040.0050.0040.0040.0040.0040.0060.0050.0060.0060.0070.0070.0060.0050.0050.0060.0060.0060.0070.0070.0060.0060.0060.0060.0060.0060.0060.0050.0050.0050.0050.0040.0040.0040.0040.0040.0040.0040.0040.0050.0050.0050.0050.0050.0050.0050.0050.0050.0050.0050.0050.0050.0050.0050.0050.0040.0050.0050.0040.0040.0040.0040.0040.0040.0060.0070.0070.0060.0050.0060.0050.0050.0060.0060.0060.0050.0050.0050.0050.0050.0050.0050.0050.0050.0060.0060.0060.0050.0050.0040.0030.0040.0040.0040.0050.0040.0040.0040.0050.0050.0050.0040.0040.0040.0040.0040.0060.0050.0060.0060.0050.0040.0050.0050.0050.0050.0050.0050.0050.0060.0060.0060.0060.0060.0060.0050.0050.0070.0070.0060.0050.0050.0050.0050.0050.0050.0050.0050.0050.0050.0050.0050.0040.0040.0070.0070.0070.0070.0070.0070.0060.0060.0050.0060.0060.0070.0070.0060.0060.0070.0070.0060.0060.0060.0040.0040.0040.0040.0050.0050.0040.0040.0050.0050.0050.0050.0050.0040.0040.0040.0040.0040.0040.0050.0040.0050.0050.0060.0060.0050.0040.0040.0050.0050.0050.0040.0040.0040.0040.0040.0040.0060.0060.0050.0060.0050.0060.0060.0060.0060.0060.0050.0050.0050.0060.0070.0070.0080.0090.0090.0080.0080.0060.0060.0050.0060.0050.0050.0050.0070.0060.0060.0060.0060.0050.0050.0050.0050.0050.0040.0040.0040.0040.0040.0040.0040.0050.0050.0060.0060.0050.0050.0050.0050.0050.0050.0050.0050.0040.0060.0060.0060.0050.0050.0050.0060.0060.0060.0060.0070.0070.0060.0050.0050.0040.0040.0050.0050.0050.0050.0050.0050.0050.0050.0050.0040.0040.0050.0060.0050.0050.0050.0050.0050.0040.0040.0040.0040.0040.0040.0050.0060.0050.0050.0050.0050.0050.0040.0040.0040.0040.0040.0050.0050.0040.0040.0040.0040.0040.0040.0040.0040.0040.0040.0040.0040.0040.0040.0040.0040.0040.0050.0050.0050.0050.0050.0050.0050.0050.0050.0050.0040.0050.0050.0050.0050.0050.0060.0060.0060.0060.0060.0050.0050.0040.0040.0040.0040.0040.0040.0050.0050.0050.0050.0040.0050.0050.0050.0060.0050.0050.0050.0050.0050.0050.0050.0060.0050.0050.0050.0060.0060.0060.0050.0050.0050.0050.0050.0050.0050.0050.0050.0050.0050.0050.0050.0050.0050.0050.0050.0050.0050.0050.0050.0050.0050.0050.0050.0050.0040.0050.0050.0050.0040.0040.0040.004' to numeric

The above exception was the direct cause of the following exception:

Traceback (most recent call last):
  File "/home/airflow/.local/lib/python3.12/site-packages/airflow/task/task_runner/standard_task_runner.py", line 117, in _start_by_fork
    ret = args.func(args, dag=self.dag)
          ^^^^^^^^^^^^^^^^^^^^^^^^^^^^^
  File "/home/airflow/.local/lib/python3.12/site-packages/airflow/cli/cli_config.py", line 49, in command
    return func(*args, **kwargs)
           ^^^^^^^^^^^^^^^^^^^^^
  File "/home/airflow/.local/lib/python3.12/site-packages/airflow/utils/cli.py", line 115, in wrapper
    return f(*args, **kwargs)
           ^^^^^^^^^^^^^^^^^^
  File "/home/airflow/.local/lib/python3.12/site-packages/airflow/cli/commands/task_command.py", line 483, in task_run
    task_return_code = _run_task_by_selected_method(args, _dag, ti)
                       ^^^^^^^^^^^^^^^^^^^^^^^^^^^^^^^^^^^^^^^^^^^^
  File "/home/airflow/.local/lib/python3.12/site-packages/airflow/cli/commands/task_command.py", line 256, in _run_task_by_selected_method
    return _run_raw_task(args, ti)
           ^^^^^^^^^^^^^^^^^^^^^^^
  File "/home/airflow/.local/lib/python3.12/site-packages/airflow/cli/commands/task_command.py", line 341, in _run_raw_task
    return ti._run_raw_task(
           ^^^^^^^^^^^^^^^^^
  File "/home/airflow/.local/lib/python3.12/site-packages/airflow/utils/session.py", line 97, in wrapper
    return func(*args, session=session, **kwargs)
           ^^^^^^^^^^^^^^^^^^^^^^^^^^^^^^^^^^^^^^
  File "/home/airflow/.local/lib/python3.12/site-packages/airflow/models/taskinstance.py", line 2995, in _run_raw_task
    return _run_raw_task(
           ^^^^^^^^^^^^^^
  File "/home/airflow/.local/lib/python3.12/site-packages/airflow/models/taskinstance.py", line 273, in _run_raw_task
    TaskInstance._execute_task_with_callbacks(
  File "/home/airflow/.local/lib/python3.12/site-packages/airflow/models/taskinstance.py", line 3149, in _execute_task_with_callbacks
    result = self._execute_task(context, task_orig)
             ^^^^^^^^^^^^^^^^^^^^^^^^^^^^^^^^^^^^^^
  File "/home/airflow/.local/lib/python3.12/site-packages/airflow/models/taskinstance.py", line 3173, in _execute_task
    return _execute_task(self, context, task_orig)
           ^^^^^^^^^^^^^^^^^^^^^^^^^^^^^^^^^^^^^^^
  File "/home/airflow/.local/lib/python3.12/site-packages/airflow/models/taskinstance.py", line 767, in _execute_task
    result = _execute_callable(context=context, **execute_callable_kwargs)
             ^^^^^^^^^^^^^^^^^^^^^^^^^^^^^^^^^^^^^^^^^^^^^^^^^^^^^^^^^^^^^
  File "/home/airflow/.local/lib/python3.12/site-packages/airflow/models/taskinstance.py", line 733, in _execute_callable
    return ExecutionCallableRunner(
           ^^^^^^^^^^^^^^^^^^^^^^^^
  File "/home/airflow/.local/lib/python3.12/site-packages/airflow/utils/operator_helpers.py", line 252, in run
    return self.func(*args, **kwargs)
           ^^^^^^^^^^^^^^^^^^^^^^^^^^
  File "/home/airflow/.local/lib/python3.12/site-packages/airflow/models/baseoperator.py", line 406, in wrapper
    return func(self, *args, **kwargs)
           ^^^^^^^^^^^^^^^^^^^^^^^^^^^
  File "/home/airflow/.local/lib/python3.12/site-packages/airflow/operators/python.py", line 238, in execute
    return_value = self.execute_callable()
                   ^^^^^^^^^^^^^^^^^^^^^^^
  File "/home/airflow/.local/lib/python3.12/site-packages/airflow/operators/python.py", line 256, in execute_callable
    return runner.run(*self.op_args, **self.op_kwargs)
           ^^^^^^^^^^^^^^^^^^^^^^^^^^^^^^^^^^^^^^^^^^^
  File "/home/airflow/.local/lib/python3.12/site-packages/airflow/utils/operator_helpers.py", line 252, in run
    return self.func(*args, **kwargs)
           ^^^^^^^^^^^^^^^^^^^^^^^^^^
  File "/opt/airflow/dags/Seoul_spark.py", line 258, in _correlation_plot
    pre_plot = Seoul_all.drop(["Y"],axis=1).groupby(["Address","M"],as_index = False).mean()
               ^^^^^^^^^^^^^^^^^^^^^^^^^^^^^^^^^^^^^^^^^^^^^^^^^^^^^^^^^^^^^^^^^^^^^^^^^^^^^
  File "/home/airflow/.local/lib/python3.12/site-packages/pandas/core/groupby/groupby.py", line 2378, in mean
    result = self._cython_agg_general(
             ^^^^^^^^^^^^^^^^^^^^^^^^^
  File "/home/airflow/.local/lib/python3.12/site-packages/pandas/core/groupby/groupby.py", line 1929, in _cython_agg_general
    new_mgr = data.grouped_reduce(array_func)
              ^^^^^^^^^^^^^^^^^^^^^^^^^^^^^^^
  File "/home/airflow/.local/lib/python3.12/site-packages/pandas/core/internals/managers.py", line 1428, in grouped_reduce
    applied = sb.apply(func)
              ^^^^^^^^^^^^^^
  File "/home/airflow/.local/lib/python3.12/site-packages/pandas/core/internals/blocks.py", line 366, in apply
    result = func(self.values, **kwargs)
             ^^^^^^^^^^^^^^^^^^^^^^^^^^^
  File "/home/airflow/.local/lib/python3.12/site-packages/pandas/core/groupby/groupby.py", line 1926, in array_func
    result = self._agg_py_fallback(how, values, ndim=data.ndim, alt=alt)
             ^^^^^^^^^^^^^^^^^^^^^^^^^^^^^^^^^^^^^^^^^^^^^^^^^^^^^^^^^^^
  File "/home/airflow/.local/lib/python3.12/site-packages/pandas/core/groupby/groupby.py", line 1878, in _agg_py_fallback
    raise type(err)(msg) from err
TypeError: agg function failed [how->mean,dtype->object]
[2024-08-29T09:23:51.203+0000] {local_task_job_runner.py:261} INFO - Task exited with return code 1
[2024-08-29T09:23:51.306+0000] {taskinstance.py:3891} INFO - 0 downstream tasks scheduled from follow-on schedule check
[2024-08-29T09:23:51.318+0000] {local_task_job_runner.py:240} INFO - ::endgroup::
